<?xml version="1.0" encoding="UTF-8"?>
<beans xmlns="http://www.springframework.org/schema/beans"
	xmlns:xsi="http://www.w3.org/2001/XMLSchema-instance"
	xmlns:context="http://www.springframework.org/schema/context"
	xmlns:mvc="http://www.springframework.org/schema/mvc"
	xsi:schemaLocation="http://www.springframework.org/schema/mvc http://www.springframework.org/schema/mvc/spring-mvc-4.3.xsd
		http://www.springframework.org/schema/beans http://www.springframework.org/schema/beans/spring-beans-4.3.xsd
		http://www.springframework.org/schema/context http://www.springframework.org/schema/context/spring-context-4.3.xsd">
	<!-- web.xml의 <url-pattern>/</url-pattern>를 적용방법 -->
	<bean class="org.springframework.web.servlet.mvc.annotation.AnnotationMethodHandlerAdapter">
		<property name="alwaysUseFullPath" value="true" />
	</bean>
	<bean class="org.springframework.web.servlet.mvc.annotation.DefaultAnnotationHandlerMapping">
		<property name="alwaysUseFullPath" value="true"/>
	</bean>
	<mvc:default-servlet-handler/>
	<!-- // -->
	
	<!-- Annotation-->
	<context:component-scan base-package="pack.controller" />
	<context:component-scan base-package="pack.model" />
	
	<!-- ViewResolver 설정 (어떤 방식이든 공통)-->
	<bean class="org.springframework.web.servlet.view.InternalResourceViewResolver">
		<property name="prefix" value="/" /> <!-- 출력루트는 xml끼리 동일해야 좋다.--> 
		<property name="suffix" value=".jsp" /> <!-- 접미어 -->
	</bean>
	
</beans>








