<?xml version="1.0" encoding="UTF-8"?>
<beans xmlns="http://www.springframework.org/schema/beans"
	xmlns:xsi="http://www.w3.org/2001/XMLSchema-instance"
	xsi:schemaLocation="http://www.springframework.org/schema/beans http://www.springframework.org/schema/beans/spring-beans-3.0.xsd">
	<!-- 원리 이해. spring mvc-->
	
	<!-- 1. HandlerMapping 설정 -->
	<!-- BeanNameUrlHandlerMapping : client의 요청 url과 동일한 이름의 bean을 controller로 사용하도록 mapping -->
	<bean class = "org.springframework.web.servlet.handler.BeanNameUrlHandlerMapping" />
	
	<!-- 2. controller 설정-->
	<!-- business logic을 수행하지않고 바로 수행. -->
	<bean name = "/index.do" class = "org.springframework.web.servlet.mvc.ParameterizableViewController">
		<property name="viewName" value = "list1" />
	</bean>
	
	<bean name = "/good/sijak.do" class = "org.springframework.web.servlet.mvc.ParameterizableViewController">
		<property name="viewName" value = "list2" />
	</bean>
	
	<!-- 3. viewresolver 설정-->
	<bean class = "org.springframework.web.servlet.view.InternalResourceViewResolver">
		<property name="prefix" value = "/" /><!-- 루트 -->
		<property name="suffix" value = ".jsp" /><!-- 확장자명 -->
	</bean>
	
	<!-- index.do를 입력하면  view의 prefix value / controller viewname view의 suffix value를 불러옴. -->
	
	
	
</beans>
