<?xml version="1.0" encoding="UTF-8"?>
<beans xmlns="http://www.springframework.org/schema/beans"
	xmlns:xsi="http://www.w3.org/2001/XMLSchema-instance"
	xsi:schemaLocation="http://www.springframework.org/schema/beans http://www.springframework.org/schema/beans/spring-beans-3.0.xsd">
	<!-- HandlerMapping 설정 -->
	<!-- BeanNameUrlHandlerMapping(client의 요청URL과 동일한 이름의 Bean을 컨트롤러로 사용 하도록 맵핑) -->
	<bean class="org.springframework.web.servlet.handler.BeanNameUrlHandlerMapping" />
	
	<!-- Controller 설정 -->
	<bean name="/index.do" class="pack.TestController" /> <!-- 뷰네임을 반환한다. -->
	
	<!-- ViewResolver 설정 -->
	<bean class="org.springframework.web.servlet.view.InternalResourceViewResolver">
		<property name="prefix" value="/" /> <!-- WebContent루트에서 찾는다. /view/-->
		<property name="suffix" value=".jsp" /> <!-- 접미어 -->
	</bean>
	
	
</beans>
